  server.cpp
d:\ladybug_class\레이디버그_넷겜플\server.cpp(54): warning C4005: 'DEBUG': 매크로 재정의
  c:\program files (x86)\microsoft visual studio\2017\community\vc\tools\msvc\14.13.26128\atlmfc\include\atldef.h(150): note: 'DEBUG'의 이전 정의를 참조하십시오.
d:\ladybug_class\레이디버그_넷겜플\server.cpp(880): warning C4244: '인수': 'float'에서 'int'(으)로 변환하면서 데이터가 손실될 수 있습니다.
d:\ladybug_class\레이디버그_넷겜플\server.cpp(962): warning C4244: '인수': 'float'에서 'int'(으)로 변환하면서 데이터가 손실될 수 있습니다.
d:\ladybug_class\레이디버그_넷겜플\server.cpp(963): warning C4244: '인수': 'float'에서 'int'(으)로 변환하면서 데이터가 손실될 수 있습니다.
d:\ladybug_class\레이디버그_넷겜플\server.cpp(969): warning C4244: '인수': 'float'에서 'int'(으)로 변환하면서 데이터가 손실될 수 있습니다.
d:\ladybug_class\레이디버그_넷겜플\server.cpp(971): warning C4244: '인수': 'float'에서 'int'(으)로 변환하면서 데이터가 손실될 수 있습니다.
d:\ladybug_class\레이디버그_넷겜플\server.cpp(973): warning C4244: '인수': 'float'에서 'int'(으)로 변환하면서 데이터가 손실될 수 있습니다.
d:\ladybug_class\레이디버그_넷겜플\server.cpp(975): warning C4244: '인수': 'float'에서 'int'(으)로 변환하면서 데이터가 손실될 수 있습니다.
d:\ladybug_class\레이디버그_넷겜플\server.cpp(977): warning C4244: '인수': 'float'에서 'int'(으)로 변환하면서 데이터가 손실될 수 있습니다.
d:\ladybug_class\레이디버그_넷겜플\server.cpp(986): warning C4244: '인수': 'float'에서 'int'(으)로 변환하면서 데이터가 손실될 수 있습니다.
d:\ladybug_class\레이디버그_넷겜플\server.cpp(992): warning C4244: '인수': 'float'에서 'int'(으)로 변환하면서 데이터가 손실될 수 있습니다.
d:\ladybug_class\레이디버그_넷겜플\server.cpp(1002): warning C4244: '인수': 'float'에서 'int'(으)로 변환하면서 데이터가 손실될 수 있습니다.
d:\ladybug_class\레이디버그_넷겜플\server.cpp(1005): warning C4244: '인수': 'float'에서 'int'(으)로 변환하면서 데이터가 손실될 수 있습니다.
d:\ladybug_class\레이디버그_넷겜플\server.cpp(1011): warning C4244: '인수': 'float'에서 'int'(으)로 변환하면서 데이터가 손실될 수 있습니다.
d:\ladybug_class\레이디버그_넷겜플\server.cpp(1014): warning C4244: '인수': 'float'에서 'int'(으)로 변환하면서 데이터가 손실될 수 있습니다.
d:\ladybug_class\레이디버그_넷겜플\server.cpp(1022): warning C4244: '인수': 'float'에서 'int'(으)로 변환하면서 데이터가 손실될 수 있습니다.
d:\ladybug_class\레이디버그_넷겜플\server.cpp(1028): warning C4244: '인수': 'float'에서 'int'(으)로 변환하면서 데이터가 손실될 수 있습니다.
d:\ladybug_class\레이디버그_넷겜플\server.cpp(1034): warning C4244: '인수': 'float'에서 'int'(으)로 변환하면서 데이터가 손실될 수 있습니다.
d:\ladybug_class\레이디버그_넷겜플\server.cpp(1044): warning C4244: '인수': 'float'에서 'int'(으)로 변환하면서 데이터가 손실될 수 있습니다.
d:\ladybug_class\레이디버그_넷겜플\server.cpp(1049): warning C4244: '인수': 'float'에서 'int'(으)로 변환하면서 데이터가 손실될 수 있습니다.
d:\ladybug_class\레이디버그_넷겜플\server.cpp(1063): warning C4244: '인수': 'float'에서 'int'(으)로 변환하면서 데이터가 손실될 수 있습니다.
d:\ladybug_class\레이디버그_넷겜플\server.cpp(676): warning C4101: 'hPen' :참조되지 않은 지역 변수입니다.
d:\ladybug_class\레이디버그_넷겜플\server.cpp(676): warning C4101: 'oldPen' :참조되지 않은 지역 변수입니다.
d:\ladybug_class\레이디버그_넷겜플\server.cpp(1361): warning C4244: '=': 'int'에서 'float'(으)로 변환하면서 데이터가 손실될 수 있습니다.
d:\ladybug_class\레이디버그_넷겜플\server.cpp(1709): warning C4244: '=': 'int'에서 'float'(으)로 변환하면서 데이터가 손실될 수 있습니다.
  레이디버그_넷겜플.vcxproj -> D:\LADYBUG_CLASS\Debug\LADYBUG_CLASS.exe
