  소스.cpp
c:\users\jmj62\documents\github\ngp_ladybug\레이디버그_client\레이디버그_넷겜플\소스.cpp(1): warning C4081: 'newline'이(가) 있어야 하는데 ';'이(가) 있습니다.
c:\users\jmj62\documents\github\ngp_ladybug\레이디버그_client\레이디버그_넷겜플\소스.cpp(119): warning C4996: 'inet_addr': Use inet_pton() or InetPton() instead or define _WINSOCK_DEPRECATED_NO_WARNINGS to disable deprecated API warnings
  c:\program files (x86)\windows kits\10\include\10.0.17134.0\um\winsock2.h(1830): note: 'inet_addr' 선언을 참조하십시오.
c:\users\jmj62\documents\github\ngp_ladybug\레이디버그_client\레이디버그_넷겜플\소스.cpp(205): warning C4091: 'typedef ': 변수를 선언하지 않으면 'Move' 왼쪽은 무시됩니다.
c:\users\jmj62\documents\github\ngp_ladybug\레이디버그_client\레이디버그_넷겜플\소스.cpp(935): warning C4244: '인수': 'float'에서 'int'(으)로 변환하면서 데이터가 손실될 수 있습니다.
c:\users\jmj62\documents\github\ngp_ladybug\레이디버그_client\레이디버그_넷겜플\소스.cpp(1017): warning C4244: '인수': 'float'에서 'int'(으)로 변환하면서 데이터가 손실될 수 있습니다.
c:\users\jmj62\documents\github\ngp_ladybug\레이디버그_client\레이디버그_넷겜플\소스.cpp(1018): warning C4244: '인수': 'float'에서 'int'(으)로 변환하면서 데이터가 손실될 수 있습니다.
c:\users\jmj62\documents\github\ngp_ladybug\레이디버그_client\레이디버그_넷겜플\소스.cpp(1024): warning C4244: '인수': 'float'에서 'int'(으)로 변환하면서 데이터가 손실될 수 있습니다.
c:\users\jmj62\documents\github\ngp_ladybug\레이디버그_client\레이디버그_넷겜플\소스.cpp(1026): warning C4244: '인수': 'float'에서 'int'(으)로 변환하면서 데이터가 손실될 수 있습니다.
c:\users\jmj62\documents\github\ngp_ladybug\레이디버그_client\레이디버그_넷겜플\소스.cpp(1028): warning C4244: '인수': 'float'에서 'int'(으)로 변환하면서 데이터가 손실될 수 있습니다.
c:\users\jmj62\documents\github\ngp_ladybug\레이디버그_client\레이디버그_넷겜플\소스.cpp(1030): warning C4244: '인수': 'float'에서 'int'(으)로 변환하면서 데이터가 손실될 수 있습니다.
c:\users\jmj62\documents\github\ngp_ladybug\레이디버그_client\레이디버그_넷겜플\소스.cpp(1032): warning C4244: '인수': 'float'에서 'int'(으)로 변환하면서 데이터가 손실될 수 있습니다.
c:\users\jmj62\documents\github\ngp_ladybug\레이디버그_client\레이디버그_넷겜플\소스.cpp(1041): warning C4244: '인수': 'float'에서 'int'(으)로 변환하면서 데이터가 손실될 수 있습니다.
c:\users\jmj62\documents\github\ngp_ladybug\레이디버그_client\레이디버그_넷겜플\소스.cpp(1047): warning C4244: '인수': 'float'에서 'int'(으)로 변환하면서 데이터가 손실될 수 있습니다.
c:\users\jmj62\documents\github\ngp_ladybug\레이디버그_client\레이디버그_넷겜플\소스.cpp(1057): warning C4244: '인수': 'float'에서 'int'(으)로 변환하면서 데이터가 손실될 수 있습니다.
c:\users\jmj62\documents\github\ngp_ladybug\레이디버그_client\레이디버그_넷겜플\소스.cpp(1060): warning C4244: '인수': 'float'에서 'int'(으)로 변환하면서 데이터가 손실될 수 있습니다.
c:\users\jmj62\documents\github\ngp_ladybug\레이디버그_client\레이디버그_넷겜플\소스.cpp(1066): warning C4244: '인수': 'float'에서 'int'(으)로 변환하면서 데이터가 손실될 수 있습니다.
c:\users\jmj62\documents\github\ngp_ladybug\레이디버그_client\레이디버그_넷겜플\소스.cpp(1069): warning C4244: '인수': 'float'에서 'int'(으)로 변환하면서 데이터가 손실될 수 있습니다.
c:\users\jmj62\documents\github\ngp_ladybug\레이디버그_client\레이디버그_넷겜플\소스.cpp(1077): warning C4244: '인수': 'float'에서 'int'(으)로 변환하면서 데이터가 손실될 수 있습니다.
c:\users\jmj62\documents\github\ngp_ladybug\레이디버그_client\레이디버그_넷겜플\소스.cpp(1083): warning C4244: '인수': 'float'에서 'int'(으)로 변환하면서 데이터가 손실될 수 있습니다.
c:\users\jmj62\documents\github\ngp_ladybug\레이디버그_client\레이디버그_넷겜플\소스.cpp(1089): warning C4244: '인수': 'float'에서 'int'(으)로 변환하면서 데이터가 손실될 수 있습니다.
c:\users\jmj62\documents\github\ngp_ladybug\레이디버그_client\레이디버그_넷겜플\소스.cpp(1099): warning C4244: '인수': 'float'에서 'int'(으)로 변환하면서 데이터가 손실될 수 있습니다.
c:\users\jmj62\documents\github\ngp_ladybug\레이디버그_client\레이디버그_넷겜플\소스.cpp(1104): warning C4244: '인수': 'float'에서 'int'(으)로 변환하면서 데이터가 손실될 수 있습니다.
c:\users\jmj62\documents\github\ngp_ladybug\레이디버그_client\레이디버그_넷겜플\소스.cpp(1118): warning C4244: '인수': 'float'에서 'int'(으)로 변환하면서 데이터가 손실될 수 있습니다.
c:\users\jmj62\documents\github\ngp_ladybug\레이디버그_client\레이디버그_넷겜플\소스.cpp(731): warning C4101: 'hPen' :참조되지 않은 지역 변수입니다.
c:\users\jmj62\documents\github\ngp_ladybug\레이디버그_client\레이디버그_넷겜플\소스.cpp(731): warning C4101: 'oldPen' :참조되지 않은 지역 변수입니다.
c:\users\jmj62\documents\github\ngp_ladybug\레이디버그_client\레이디버그_넷겜플\소스.cpp(1437): warning C4244: '=': 'int'에서 'float'(으)로 변환하면서 데이터가 손실될 수 있습니다.
c:\users\jmj62\documents\github\ngp_ladybug\레이디버그_client\레이디버그_넷겜플\소스.cpp(1785): warning C4244: '=': 'int'에서 'float'(으)로 변환하면서 데이터가 손실될 수 있습니다.
c:\users\jmj62\documents\github\ngp_ladybug\레이디버그_client\레이디버그_넷겜플\소스.cpp(1787): warning C4244: '=': 'int'에서 'float'(으)로 변환하면서 데이터가 손실될 수 있습니다.
  코드를 생성하고 있습니다.
  All 277 functions were compiled because no usable IPDB/IOBJ from previous compilation was found.
  코드를 생성했습니다.
  레이디버그_넷겜플.vcxproj -> C:\Users\jmj62\Documents\GitHub\NGP_LADYBUG\레이디버그_Client\Release\레이디버그_넷겜플.exe
