  소스.cpp
c:\users\jmj62\documents\github\ngp_ladybug\레이디버그_넷겜플\레이디버그_넷겜플\소스.cpp(48): warning C4005: 'DEBUG': 매크로 재정의
  c:\program files (x86)\microsoft visual studio\2017\community\vc\tools\msvc\14.14.26428\atlmfc\include\atldef.h(150): note: 'DEBUG'의 이전 정의를 참조하십시오.
c:\users\jmj62\documents\github\ngp_ladybug\레이디버그_넷겜플\레이디버그_넷겜플\소스.cpp(114): warning C4091: 'typedef ': 변수를 선언하지 않으면 'Move' 왼쪽은 무시됩니다.
c:\users\jmj62\documents\github\ngp_ladybug\레이디버그_넷겜플\레이디버그_넷겜플\소스.cpp(840): warning C4244: '인수': 'float'에서 'int'(으)로 변환하면서 데이터가 손실될 수 있습니다.
c:\users\jmj62\documents\github\ngp_ladybug\레이디버그_넷겜플\레이디버그_넷겜플\소스.cpp(922): warning C4244: '인수': 'float'에서 'int'(으)로 변환하면서 데이터가 손실될 수 있습니다.
c:\users\jmj62\documents\github\ngp_ladybug\레이디버그_넷겜플\레이디버그_넷겜플\소스.cpp(923): warning C4244: '인수': 'float'에서 'int'(으)로 변환하면서 데이터가 손실될 수 있습니다.
c:\users\jmj62\documents\github\ngp_ladybug\레이디버그_넷겜플\레이디버그_넷겜플\소스.cpp(929): warning C4244: '인수': 'float'에서 'int'(으)로 변환하면서 데이터가 손실될 수 있습니다.
c:\users\jmj62\documents\github\ngp_ladybug\레이디버그_넷겜플\레이디버그_넷겜플\소스.cpp(931): warning C4244: '인수': 'float'에서 'int'(으)로 변환하면서 데이터가 손실될 수 있습니다.
c:\users\jmj62\documents\github\ngp_ladybug\레이디버그_넷겜플\레이디버그_넷겜플\소스.cpp(933): warning C4244: '인수': 'float'에서 'int'(으)로 변환하면서 데이터가 손실될 수 있습니다.
c:\users\jmj62\documents\github\ngp_ladybug\레이디버그_넷겜플\레이디버그_넷겜플\소스.cpp(935): warning C4244: '인수': 'float'에서 'int'(으)로 변환하면서 데이터가 손실될 수 있습니다.
c:\users\jmj62\documents\github\ngp_ladybug\레이디버그_넷겜플\레이디버그_넷겜플\소스.cpp(937): warning C4244: '인수': 'float'에서 'int'(으)로 변환하면서 데이터가 손실될 수 있습니다.
c:\users\jmj62\documents\github\ngp_ladybug\레이디버그_넷겜플\레이디버그_넷겜플\소스.cpp(946): warning C4244: '인수': 'float'에서 'int'(으)로 변환하면서 데이터가 손실될 수 있습니다.
c:\users\jmj62\documents\github\ngp_ladybug\레이디버그_넷겜플\레이디버그_넷겜플\소스.cpp(952): warning C4244: '인수': 'float'에서 'int'(으)로 변환하면서 데이터가 손실될 수 있습니다.
c:\users\jmj62\documents\github\ngp_ladybug\레이디버그_넷겜플\레이디버그_넷겜플\소스.cpp(962): warning C4244: '인수': 'float'에서 'int'(으)로 변환하면서 데이터가 손실될 수 있습니다.
c:\users\jmj62\documents\github\ngp_ladybug\레이디버그_넷겜플\레이디버그_넷겜플\소스.cpp(965): warning C4244: '인수': 'float'에서 'int'(으)로 변환하면서 데이터가 손실될 수 있습니다.
c:\users\jmj62\documents\github\ngp_ladybug\레이디버그_넷겜플\레이디버그_넷겜플\소스.cpp(971): warning C4244: '인수': 'float'에서 'int'(으)로 변환하면서 데이터가 손실될 수 있습니다.
c:\users\jmj62\documents\github\ngp_ladybug\레이디버그_넷겜플\레이디버그_넷겜플\소스.cpp(974): warning C4244: '인수': 'float'에서 'int'(으)로 변환하면서 데이터가 손실될 수 있습니다.
c:\users\jmj62\documents\github\ngp_ladybug\레이디버그_넷겜플\레이디버그_넷겜플\소스.cpp(982): warning C4244: '인수': 'float'에서 'int'(으)로 변환하면서 데이터가 손실될 수 있습니다.
c:\users\jmj62\documents\github\ngp_ladybug\레이디버그_넷겜플\레이디버그_넷겜플\소스.cpp(988): warning C4244: '인수': 'float'에서 'int'(으)로 변환하면서 데이터가 손실될 수 있습니다.
c:\users\jmj62\documents\github\ngp_ladybug\레이디버그_넷겜플\레이디버그_넷겜플\소스.cpp(994): warning C4244: '인수': 'float'에서 'int'(으)로 변환하면서 데이터가 손실될 수 있습니다.
c:\users\jmj62\documents\github\ngp_ladybug\레이디버그_넷겜플\레이디버그_넷겜플\소스.cpp(1004): warning C4244: '인수': 'float'에서 'int'(으)로 변환하면서 데이터가 손실될 수 있습니다.
c:\users\jmj62\documents\github\ngp_ladybug\레이디버그_넷겜플\레이디버그_넷겜플\소스.cpp(1009): warning C4244: '인수': 'float'에서 'int'(으)로 변환하면서 데이터가 손실될 수 있습니다.
c:\users\jmj62\documents\github\ngp_ladybug\레이디버그_넷겜플\레이디버그_넷겜플\소스.cpp(1023): warning C4244: '인수': 'float'에서 'int'(으)로 변환하면서 데이터가 손실될 수 있습니다.
c:\users\jmj62\documents\github\ngp_ladybug\레이디버그_넷겜플\레이디버그_넷겜플\소스.cpp(636): warning C4101: 'hPen' :참조되지 않은 지역 변수입니다.
c:\users\jmj62\documents\github\ngp_ladybug\레이디버그_넷겜플\레이디버그_넷겜플\소스.cpp(636): warning C4101: 'oldPen' :참조되지 않은 지역 변수입니다.
c:\users\jmj62\documents\github\ngp_ladybug\레이디버그_넷겜플\레이디버그_넷겜플\소스.cpp(1314): warning C4244: '=': 'int'에서 'float'(으)로 변환하면서 데이터가 손실될 수 있습니다.
c:\users\jmj62\documents\github\ngp_ladybug\레이디버그_넷겜플\레이디버그_넷겜플\소스.cpp(1662): warning C4244: '=': 'int'에서 'float'(으)로 변환하면서 데이터가 손실될 수 있습니다.
c:\users\jmj62\documents\github\ngp_ladybug\레이디버그_넷겜플\레이디버그_넷겜플\소스.cpp(1664): warning C4244: '=': 'int'에서 'float'(으)로 변환하면서 데이터가 손실될 수 있습니다.
  레이디버그_넷겜플.vcxproj -> C:\Users\jmj62\Documents\GitHub\NGP_LADYBUG\레이디버그_넷겜플\Debug\레이디버그_넷겜플.exe
