  레이디버그.cpp
레이디버그.cpp(121): warning C4091: 'typedef ': 변수를 선언하지 않으면 'Move' 왼쪽은 무시됩니다.
레이디버그.cpp(1200): warning C4244: '인수': 'float'에서 'int'(으)로 변환하면서 데이터가 손실될 수 있습니다.
레이디버그.cpp(1324): warning C4244: '=': 'int'에서 'float'(으)로 변환하면서 데이터가 손실될 수 있습니다.
레이디버그.cpp(1616): error C2065: 'item_7': 선언되지 않은 식별자입니다.
레이디버그.cpp(1649): error C2065: 'item_9': 선언되지 않은 식별자입니다.
레이디버그.cpp(1713): error C2065: 'item_3': 선언되지 않은 식별자입니다.
레이디버그.cpp(1729): error C2065: 'item_4': 선언되지 않은 식별자입니다.
레이디버그.cpp(1773): error C2065: 'item_7': 선언되지 않은 식별자입니다.
레이디버그.cpp(1806): error C2065: 'item_9': 선언되지 않은 식별자입니다.
레이디버그.cpp(1929): error C2065: 'item_3': 선언되지 않은 식별자입니다.
레이디버그.cpp(1932): error C2065: 'item_3': 선언되지 않은 식별자입니다.
레이디버그.cpp(1932): error C3861: 'item_3_BARRIER': 식별자를 찾을 수 없습니다.
레이디버그.cpp(1934): error C2065: 'item_3': 선언되지 않은 식별자입니다.
레이디버그.cpp(1934): error C3861: 'item_3_BARRIER': 식별자를 찾을 수 없습니다.
레이디버그.cpp(1936): error C2065: 'item_4': 선언되지 않은 식별자입니다.
레이디버그.cpp(1939): error C2065: 'item_4': 선언되지 않은 식별자입니다.
레이디버그.cpp(1939): error C3861: 'item_4_BEE': 식별자를 찾을 수 없습니다.
레이디버그.cpp(1941): error C2065: 'item_4': 선언되지 않은 식별자입니다.
레이디버그.cpp(1941): error C3861: 'item_4_BEE': 식별자를 찾을 수 없습니다.
레이디버그.cpp(1950): error C2065: 'item_7': 선언되지 않은 식별자입니다.
레이디버그.cpp(1953): error C2065: 'item_7': 선언되지 않은 식별자입니다.
레이디버그.cpp(1953): error C3861: 'item_7_Baby_bug': 식별자를 찾을 수 없습니다.
레이디버그.cpp(1955): error C2065: 'item_7': 선언되지 않은 식별자입니다.
레이디버그.cpp(1955): error C3861: 'item_7_Baby_bug': 식별자를 찾을 수 없습니다.
레이디버그.cpp(1968): error C2065: 'item_9': 선언되지 않은 식별자입니다.
레이디버그.cpp(1970): error C2065: 'item_9': 선언되지 않은 식별자입니다.
레이디버그.cpp(1970): error C3861: 'item_9_CMLINE': 식별자를 찾을 수 없습니다.
레이디버그.cpp(1985): warning C4244: '=': 'int'에서 'float'(으)로 변환하면서 데이터가 손실될 수 있습니다.
레이디버그.cpp(2028): error C2065: 'sp_bug': 선언되지 않은 식별자입니다.
레이디버그.cpp(2030): error C2065: 'sp_bug': 선언되지 않은 식별자입니다.
레이디버그.cpp(2030): error C3861: 'special_bug': 식별자를 찾을 수 없습니다.
레이디버그.cpp(2097): warning C4244: '인수': 'float'에서 'int'(으)로 변환하면서 데이터가 손실될 수 있습니다.
레이디버그.cpp(2098): warning C4244: '인수': 'float'에서 'int'(으)로 변환하면서 데이터가 손실될 수 있습니다.
레이디버그.cpp(2107): warning C4244: '인수': 'float'에서 'int'(으)로 변환하면서 데이터가 손실될 수 있습니다.
레이디버그.cpp(2110): error C2065: 'item_3': 선언되지 않은 식별자입니다.
레이디버그.cpp(2112): error C2065: 'BARRIER': 선언되지 않은 식별자입니다.
레이디버그.cpp(2112): error C2228: '.TransparentBlt' 왼쪽에는 클래스/구조체/공용 구조체가 있어야 합니다.
  레이디버그.cpp(2112): note: 'unknown-type' 형식입니다.
레이디버그.cpp(2115): error C2065: 'item_4': 선언되지 않은 식별자입니다.
레이디버그.cpp(2117): error C2065: 'BEE': 선언되지 않은 식별자입니다.
레이디버그.cpp(2117): error C2228: '.TransparentBlt' 왼쪽에는 클래스/구조체/공용 구조체가 있어야 합니다.
  레이디버그.cpp(2117): note: 'unknown-type' 형식입니다.
레이디버그.cpp(2124): warning C4244: '인수': 'float'에서 'int'(으)로 변환하면서 데이터가 손실될 수 있습니다.
레이디버그.cpp(2128): error C2065: 'item_7': 선언되지 않은 식별자입니다.
레이디버그.cpp(2134): error C2065: 'BABYBUG': 선언되지 않은 식별자입니다.
레이디버그.cpp(2134): error C2228: '.TransparentBlt' 왼쪽에는 클래스/구조체/공용 구조체가 있어야 합니다.
  레이디버그.cpp(2134): note: 'unknown-type' 형식입니다.
레이디버그.cpp(2148): warning C4244: '인수': 'float'에서 'int'(으)로 변환하면서 데이터가 손실될 수 있습니다.
레이디버그.cpp(2151): warning C4244: '인수': 'float'에서 'int'(으)로 변환하면서 데이터가 손실될 수 있습니다.
레이디버그.cpp(2157): warning C4244: '인수': 'float'에서 'int'(으)로 변환하면서 데이터가 손실될 수 있습니다.
레이디버그.cpp(2160): warning C4244: '인수': 'float'에서 'int'(으)로 변환하면서 데이터가 손실될 수 있습니다.
레이디버그.cpp(2165): error C2065: 'item_9': 선언되지 않은 식별자입니다.
레이디버그.cpp(2167): error C2065: 'COSMOS': 선언되지 않은 식별자입니다.
레이디버그.cpp(2167): error C2228: '.TransparentBlt' 왼쪽에는 클래스/구조체/공용 구조체가 있어야 합니다.
  레이디버그.cpp(2167): note: 'unknown-type' 형식입니다.
레이디버그.cpp(2174): warning C4244: '인수': 'float'에서 'int'(으)로 변환하면서 데이터가 손실될 수 있습니다.
레이디버그.cpp(2182): warning C4244: '인수': 'float'에서 'int'(으)로 변환하면서 데이터가 손실될 수 있습니다.
레이디버그.cpp(2189): warning C4244: '인수': 'float'에서 'int'(으)로 변환하면서 데이터가 손실될 수 있습니다.
레이디버그.cpp(2199): warning C4244: '인수': 'float'에서 'int'(으)로 변환하면서 데이터가 손실될 수 있습니다.
레이디버그.cpp(2205): error C2065: 'S_BUG': 선언되지 않은 식별자입니다.
레이디버그.cpp(2205): error C2228: '.TransparentBlt' 왼쪽에는 클래스/구조체/공용 구조체가 있어야 합니다.
  레이디버그.cpp(2205): note: 'unknown-type' 형식입니다.
레이디버그.cpp(2210): warning C4244: '인수': 'float'에서 'int'(으)로 변환하면서 데이터가 손실될 수 있습니다.
레이디버그.cpp(2226): warning C4244: '인수': 'float'에서 'int'(으)로 변환하면서 데이터가 손실될 수 있습니다.
레이디버그.cpp(2228): warning C4244: '인수': 'float'에서 'int'(으)로 변환하면서 데이터가 손실될 수 있습니다.
레이디버그.cpp(2230): warning C4244: '인수': 'float'에서 'int'(으)로 변환하면서 데이터가 손실될 수 있습니다.
레이디버그.cpp(2232): warning C4244: '인수': 'float'에서 'int'(으)로 변환하면서 데이터가 손실될 수 있습니다.
레이디버그.cpp(2234): warning C4244: '인수': 'float'에서 'int'(으)로 변환하면서 데이터가 손실될 수 있습니다.
레이디버그.cpp(2236): warning C4244: '인수': 'float'에서 'int'(으)로 변환하면서 데이터가 손실될 수 있습니다.
레이디버그.cpp(2238): warning C4244: '인수': 'float'에서 'int'(으)로 변환하면서 데이터가 손실될 수 있습니다.
레이디버그.cpp(2240): warning C4244: '인수': 'float'에서 'int'(으)로 변환하면서 데이터가 손실될 수 있습니다.
레이디버그.cpp(2242): warning C4244: '인수': 'float'에서 'int'(으)로 변환하면서 데이터가 손실될 수 있습니다.
레이디버그.cpp(2244): warning C4244: '인수': 'float'에서 'int'(으)로 변환하면서 데이터가 손실될 수 있습니다.
레이디버그.cpp(2254): warning C4244: '인수': 'float'에서 'int'(으)로 변환하면서 데이터가 손실될 수 있습니다.
